<?xml version="1.0" encoding="UTF-8"?>
<testng-results ignored="0" total="1" passed="1" failed="0" skipped="0">
  <reporter-output>
  </reporter-output>
  <suite started-at="2024-11-21T14:16:58 IST" name="Master Suite" finished-at="2024-11-21T14:17:16 IST" duration-ms="18472">
    <groups>
    </groups>
    <test started-at="2024-11-21T14:16:58 IST" name="Test" finished-at="2024-11-21T14:17:16 IST" duration-ms="18472">
      <class name="testCases.AccountRegisterTest">
        <test-method is-config="true" signature="setUp(java.lang.String,java.lang.String)[pri:0, instance:testCases.AccountRegisterTest@1ff4931d]" started-at="2024-11-21T14:16:58 IST" name="setUp" finished-at="2024-11-21T14:17:03 IST" duration-ms="5316" status="PASS">
          <params>
            <param index="0">
              <value>
                <![CDATA[Windows]]>
              </value>
            </param>
            <param index="1">
              <value>
                <![CDATA[firefox]]>
              </value>
            </param>
          </params>
          <reporter-output>
          </reporter-output>
        </test-method> <!-- setUp -->
        <test-method signature="verify_account_registration()[pri:0, instance:testCases.AccountRegisterTest@1ff4931d]" started-at="2024-11-21T14:17:03 IST" name="verify_account_registration" finished-at="2024-11-21T14:17:15 IST" duration-ms="12143" status="PASS">
          <reporter-output>
          </reporter-output>
        </test-method> <!-- verify_account_registration -->
        <test-method is-config="true" signature="teardown()[pri:0, instance:testCases.AccountRegisterTest@1ff4931d]" started-at="2024-11-21T14:17:15 IST" name="teardown" finished-at="2024-11-21T14:17:16 IST" duration-ms="759" status="PASS">
          <reporter-output>
          </reporter-output>
        </test-method> <!-- teardown -->
      </class> <!-- testCases.AccountRegisterTest -->
    </test> <!-- Test -->
  </suite> <!-- Master Suite -->
</testng-results>
